/home/enyephy/edk2/edk2/Build/OvmfIa32/RELEASE_GCC5/IA32/OvmfPkg/AcpiPlatformDxe/AcpiPlatformDxe/OUTPUT/QemuFwCfgAcpiPlatform.lib
/home/enyephy/edk2/edk2/Build/OvmfIa32/RELEASE_GCC5/IA32/MdePkg/Library/RegisterFilterLibNull/RegisterFilterLibNull/OUTPUT/FilterLibNull.lib
/home/enyephy/edk2/edk2/Build/OvmfIa32/RELEASE_GCC5/IA32/MdePkg/Library/DxePcdLib/DxePcdLib/OUTPUT/DxePcdLib.lib
/home/enyephy/edk2/edk2/Build/OvmfIa32/RELEASE_GCC5/IA32/MdePkg/Library/BaseMemoryLibRepStr/BaseMemoryLibRepStr/OUTPUT/BaseMemoryLibRepStr.lib
/home/enyephy/edk2/edk2/Build/OvmfIa32/RELEASE_GCC5/IA32/MdePkg/Library/BaseLib/BaseLib/OUTPUT/BaseLib.lib
/home/enyephy/edk2/edk2/Build/OvmfIa32/RELEASE_GCC5/IA32/MdePkg/Library/CcProbeLibNull/CcProbeLibNull/OUTPUT/CcProbeLibNull.lib
/home/enyephy/edk2/edk2/Build/OvmfIa32/RELEASE_GCC5/IA32/MdePkg/Library/BaseDebugPrintErrorLevelLib/BaseDebugPrintErrorLevelLib/OUTPUT/BaseDebugPrintErrorLevelLib.lib
/home/enyephy/edk2/edk2/Build/OvmfIa32/RELEASE_GCC5/IA32/MdePkg/Library/BaseIoLibIntrinsic/BaseIoLibIntrinsicSev/OUTPUT/BaseIoLibIntrinsicSev.lib
/home/enyephy/edk2/edk2/Build/OvmfIa32/RELEASE_GCC5/IA32/MdePkg/Library/BasePrintLib/BasePrintLib/OUTPUT/BasePrintLib.lib
/home/enyephy/edk2/edk2/Build/OvmfIa32/RELEASE_GCC5/IA32/OvmfPkg/Library/PlatformDebugLibIoPort/PlatformDebugLibIoPort/OUTPUT/PlatformDebugLibIoPort.lib
/home/enyephy/edk2/edk2/Build/OvmfIa32/RELEASE_GCC5/IA32/MdePkg/Library/UefiBootServicesTableLib/UefiBootServicesTableLib/OUTPUT/UefiBootServicesTableLib.lib
/home/enyephy/edk2/edk2/Build/OvmfIa32/RELEASE_GCC5/IA32/UefiCpuPkg/Library/AmdSvsmLibNull/AmdSvsmLibNull/OUTPUT/AmdSvsmLibNull.lib
/home/enyephy/edk2/edk2/Build/OvmfIa32/RELEASE_GCC5/IA32/UefiCpuPkg/Library/CcExitLibNull/CcExitLibNull/OUTPUT/CcExitLibNull.lib
/home/enyephy/edk2/edk2/Build/OvmfIa32/RELEASE_GCC5/IA32/MdePkg/Library/BaseCpuLib/BaseCpuLib/OUTPUT/BaseCpuLib.lib
/home/enyephy/edk2/edk2/Build/OvmfIa32/RELEASE_GCC5/IA32/MdePkg/Library/BaseCacheMaintenanceLib/BaseCacheMaintenanceLib/OUTPUT/BaseCacheMaintenanceLib.lib
/home/enyephy/edk2/edk2/Build/OvmfIa32/RELEASE_GCC5/IA32/MdePkg/Library/UefiMemoryAllocationLib/UefiMemoryAllocationLib/OUTPUT/UefiMemoryAllocationLib.lib
/home/enyephy/edk2/edk2/Build/OvmfIa32/RELEASE_GCC5/IA32/OvmfPkg/Library/BaseMemEncryptTdxLib/BaseMemEncryptTdxLibNull/OUTPUT/MemEncryptTdxLibNull.lib
/home/enyephy/edk2/edk2/Build/OvmfIa32/RELEASE_GCC5/IA32/OvmfPkg/Library/BaseMemEncryptSevLib/DxeMemEncryptSevLib/OUTPUT/DxeMemEncryptSevLib.lib
/home/enyephy/edk2/edk2/Build/OvmfIa32/RELEASE_GCC5/IA32/OvmfPkg/Library/QemuFwCfgLib/QemuFwCfgDxeLib/OUTPUT/QemuFwCfgDxeLib.lib
/home/enyephy/edk2/edk2/Build/OvmfIa32/RELEASE_GCC5/IA32/MdePkg/Library/UefiRuntimeServicesTableLib/UefiRuntimeServicesTableLib/OUTPUT/UefiRuntimeServicesTableLib.lib
/home/enyephy/edk2/edk2/Build/OvmfIa32/RELEASE_GCC5/IA32/MdePkg/Library/UefiDevicePathLibDevicePathProtocol/UefiDevicePathLibDevicePathProtocol/OUTPUT/UefiDevicePathLibDevicePathProtocol.lib
/home/enyephy/edk2/edk2/Build/OvmfIa32/RELEASE_GCC5/IA32/MdeModulePkg/Library/TpmMeasurementLibNull/TpmMeasurementLibNull/OUTPUT/TpmMeasurementLibNull.lib
/home/enyephy/edk2/edk2/Build/OvmfIa32/RELEASE_GCC5/IA32/OvmfPkg/Library/QemuFwCfgS3Lib/DxeQemuFwCfgS3LibFwCfg/OUTPUT/DxeQemuFwCfgS3LibFwCfg.lib
/home/enyephy/edk2/edk2/Build/OvmfIa32/RELEASE_GCC5/IA32/MdePkg/Library/UefiLib/UefiLib/OUTPUT/UefiLib.lib
/home/enyephy/edk2/edk2/Build/OvmfIa32/RELEASE_GCC5/IA32/OvmfPkg/Library/AcpiPlatformLib/DxeAcpiPlatformLib/OUTPUT/DxeAcpiPlatformLib.lib
/home/enyephy/edk2/edk2/Build/OvmfIa32/RELEASE_GCC5/IA32/MdePkg/Library/BaseOrderedCollectionRedBlackTreeLib/BaseOrderedCollectionRedBlackTreeLib/OUTPUT/BaseOrderedCollectionRedBlackTreeLib.lib
/home/enyephy/edk2/edk2/Build/OvmfIa32/RELEASE_GCC5/IA32/MdePkg/Library/UefiDriverEntryPoint/UefiDriverEntryPoint/OUTPUT/UefiDriverEntryPoint.lib
/home/enyephy/edk2/edk2/Build/OvmfIa32/RELEASE_GCC5/IA32/MdePkg/Library/DxeHobLib/DxeHobLib/OUTPUT/DxeHobLib.lib
/home/enyephy/edk2/edk2/Build/OvmfIa32/RELEASE_GCC5/IA32/MdePkg/Library/StackCheckLibNull/StackCheckLibNull/OUTPUT/StackCheckLibNull.lib