/home/enyephy/edk2/edk2/Build/OvmfX64/RELEASE_GCC5/X64/ShellPkg/DynamicCommand/VariablePolicyDynamicCommand/VariablePolicyDynamicCommand/OUTPUT/VariablePolicyDynamicCommand.lib
/home/enyephy/edk2/edk2/Build/OvmfX64/RELEASE_GCC5/X64/MdePkg/Library/RegisterFilterLibNull/RegisterFilterLibNull/OUTPUT/FilterLibNull.lib
/home/enyephy/edk2/edk2/Build/OvmfX64/RELEASE_GCC5/X64/MdePkg/Library/DxePcdLib/DxePcdLib/OUTPUT/DxePcdLib.lib
/home/enyephy/edk2/edk2/Build/OvmfX64/RELEASE_GCC5/X64/MdePkg/Library/BaseMemoryLibRepStr/BaseMemoryLibRepStr/OUTPUT/BaseMemoryLibRepStr.lib
/home/enyephy/edk2/edk2/Build/OvmfX64/RELEASE_GCC5/X64/MdePkg/Library/BaseLib/BaseLib/OUTPUT/BaseLib.lib
/home/enyephy/edk2/edk2/Build/OvmfX64/RELEASE_GCC5/X64/MdePkg/Library/TdxLib/TdxLib/OUTPUT/TdxLib.lib
/home/enyephy/edk2/edk2/Build/OvmfX64/RELEASE_GCC5/X64/MdePkg/Library/BaseDebugPrintErrorLevelLib/BaseDebugPrintErrorLevelLib/OUTPUT/BaseDebugPrintErrorLevelLib.lib
/home/enyephy/edk2/edk2/Build/OvmfX64/RELEASE_GCC5/X64/MdePkg/Library/BaseIoLibIntrinsic/BaseIoLibIntrinsicSev/OUTPUT/BaseIoLibIntrinsicSev.lib
/home/enyephy/edk2/edk2/Build/OvmfX64/RELEASE_GCC5/X64/MdePkg/Library/BasePrintLib/BasePrintLib/OUTPUT/BasePrintLib.lib
/home/enyephy/edk2/edk2/Build/OvmfX64/RELEASE_GCC5/X64/OvmfPkg/Library/PlatformDebugLibIoPort/PlatformDebugLibIoPort/OUTPUT/PlatformDebugLibIoPort.lib
/home/enyephy/edk2/edk2/Build/OvmfX64/RELEASE_GCC5/X64/OvmfPkg/Library/CcProbeLib/DxeCcProbeLib/OUTPUT/DxeCcProbeLib.lib
/home/enyephy/edk2/edk2/Build/OvmfX64/RELEASE_GCC5/X64/MdePkg/Library/UefiBootServicesTableLib/UefiBootServicesTableLib/OUTPUT/UefiBootServicesTableLib.lib
/home/enyephy/edk2/edk2/Build/OvmfX64/RELEASE_GCC5/X64/MdePkg/Library/UefiMemoryAllocationLib/UefiMemoryAllocationLib/OUTPUT/UefiMemoryAllocationLib.lib
/home/enyephy/edk2/edk2/Build/OvmfX64/RELEASE_GCC5/X64/MdePkg/Library/UefiDevicePathLibDevicePathProtocol/UefiDevicePathLibDevicePathProtocol/OUTPUT/UefiDevicePathLibDevicePathProtocol.lib
/home/enyephy/edk2/edk2/Build/OvmfX64/RELEASE_GCC5/X64/MdePkg/Library/UefiRuntimeServicesTableLib/UefiRuntimeServicesTableLib/OUTPUT/UefiRuntimeServicesTableLib.lib
/home/enyephy/edk2/edk2/Build/OvmfX64/RELEASE_GCC5/X64/MdePkg/Library/UefiLib/UefiLib/OUTPUT/UefiLib.lib
/home/enyephy/edk2/edk2/Build/OvmfX64/RELEASE_GCC5/X64/MdeModulePkg/Library/UefiHiiServicesLib/UefiHiiServicesLib/OUTPUT/UefiHiiServicesLib.lib
/home/enyephy/edk2/edk2/Build/OvmfX64/RELEASE_GCC5/X64/MdeModulePkg/Library/UefiSortLib/UefiSortLib/OUTPUT/UefiSortLib.lib
/home/enyephy/edk2/edk2/Build/OvmfX64/RELEASE_GCC5/X64/MdePkg/Library/UefiFileHandleLib/UefiFileHandleLib/OUTPUT/UefiFileHandleLib.lib
/home/enyephy/edk2/edk2/Build/OvmfX64/RELEASE_GCC5/X64/MdeModulePkg/Library/UefiHiiLib/UefiHiiLib/OUTPUT/UefiHiiLib.lib
/home/enyephy/edk2/edk2/Build/OvmfX64/RELEASE_GCC5/X64/ShellPkg/Library/UefiShellLib/UefiShellLib/OUTPUT/UefiShellLib.lib
/home/enyephy/edk2/edk2/Build/OvmfX64/RELEASE_GCC5/X64/MdePkg/Library/UefiDriverEntryPoint/UefiDriverEntryPoint/OUTPUT/UefiDriverEntryPoint.lib
/home/enyephy/edk2/edk2/Build/OvmfX64/RELEASE_GCC5/X64/MdePkg/Library/StackCheckLibNull/StackCheckLibNull/OUTPUT/StackCheckLibNull.lib
/home/enyephy/edk2/edk2/Build/OvmfX64/RELEASE_GCC5/X64/ShellPkg/DynamicCommand/VariablePolicyDynamicCommand/VariablePolicyDynamicCommand/OUTPUT/VariablePolicyDynamicCommandhii.lib