/home/enyephy/edk2/edk2/Build/OvmfX64/RELEASE_GCC5/X64/CryptoPkg/Library/BaseCryptLib/BaseCryptLib/OUTPUT/Hash/CryptMd5.obj
/home/enyephy/edk2/edk2/Build/OvmfX64/RELEASE_GCC5/X64/CryptoPkg/Library/BaseCryptLib/BaseCryptLib/OUTPUT/Hash/CryptSha1.obj
/home/enyephy/edk2/edk2/Build/OvmfX64/RELEASE_GCC5/X64/CryptoPkg/Library/BaseCryptLib/BaseCryptLib/OUTPUT/Hash/CryptSha256.obj
/home/enyephy/edk2/edk2/Build/OvmfX64/RELEASE_GCC5/X64/CryptoPkg/Library/BaseCryptLib/BaseCryptLib/OUTPUT/Hash/CryptSha512.obj
/home/enyephy/edk2/edk2/Build/OvmfX64/RELEASE_GCC5/X64/CryptoPkg/Library/BaseCryptLib/BaseCryptLib/OUTPUT/Hash/CryptSm3.obj
/home/enyephy/edk2/edk2/Build/OvmfX64/RELEASE_GCC5/X64/CryptoPkg/Library/BaseCryptLib/BaseCryptLib/OUTPUT/Hash/CryptSha3.obj
/home/enyephy/edk2/edk2/Build/OvmfX64/RELEASE_GCC5/X64/CryptoPkg/Library/BaseCryptLib/BaseCryptLib/OUTPUT/Hash/CryptXkcp.obj
/home/enyephy/edk2/edk2/Build/OvmfX64/RELEASE_GCC5/X64/CryptoPkg/Library/BaseCryptLib/BaseCryptLib/OUTPUT/Hash/CryptCShake256.obj
/home/enyephy/edk2/edk2/Build/OvmfX64/RELEASE_GCC5/X64/CryptoPkg/Library/BaseCryptLib/BaseCryptLib/OUTPUT/Hash/CryptParallelHash.obj
/home/enyephy/edk2/edk2/Build/OvmfX64/RELEASE_GCC5/X64/CryptoPkg/Library/BaseCryptLib/BaseCryptLib/OUTPUT/Hash/CryptDispatchApDxe.obj
/home/enyephy/edk2/edk2/Build/OvmfX64/RELEASE_GCC5/X64/CryptoPkg/Library/BaseCryptLib/BaseCryptLib/OUTPUT/Hmac/CryptHmac.obj
/home/enyephy/edk2/edk2/Build/OvmfX64/RELEASE_GCC5/X64/CryptoPkg/Library/BaseCryptLib/BaseCryptLib/OUTPUT/Kdf/CryptHkdf.obj
/home/enyephy/edk2/edk2/Build/OvmfX64/RELEASE_GCC5/X64/CryptoPkg/Library/BaseCryptLib/BaseCryptLib/OUTPUT/Cipher/CryptAes.obj
/home/enyephy/edk2/edk2/Build/OvmfX64/RELEASE_GCC5/X64/CryptoPkg/Library/BaseCryptLib/BaseCryptLib/OUTPUT/Cipher/CryptAeadAesGcm.obj
/home/enyephy/edk2/edk2/Build/OvmfX64/RELEASE_GCC5/X64/CryptoPkg/Library/BaseCryptLib/BaseCryptLib/OUTPUT/Pk/CryptRsaBasic.obj
/home/enyephy/edk2/edk2/Build/OvmfX64/RELEASE_GCC5/X64/CryptoPkg/Library/BaseCryptLib/BaseCryptLib/OUTPUT/Pk/CryptRsaExt.obj
/home/enyephy/edk2/edk2/Build/OvmfX64/RELEASE_GCC5/X64/CryptoPkg/Library/BaseCryptLib/BaseCryptLib/OUTPUT/Pk/CryptPkcs1Oaep.obj
/home/enyephy/edk2/edk2/Build/OvmfX64/RELEASE_GCC5/X64/CryptoPkg/Library/BaseCryptLib/BaseCryptLib/OUTPUT/Pk/CryptPkcs5Pbkdf2.obj
/home/enyephy/edk2/edk2/Build/OvmfX64/RELEASE_GCC5/X64/CryptoPkg/Library/BaseCryptLib/BaseCryptLib/OUTPUT/Pk/CryptPkcs7Sign.obj
/home/enyephy/edk2/edk2/Build/OvmfX64/RELEASE_GCC5/X64/CryptoPkg/Library/BaseCryptLib/BaseCryptLib/OUTPUT/Pk/CryptPkcs7VerifyCommon.obj
/home/enyephy/edk2/edk2/Build/OvmfX64/RELEASE_GCC5/X64/CryptoPkg/Library/BaseCryptLib/BaseCryptLib/OUTPUT/Pk/CryptPkcs7VerifyBase.obj
/home/enyephy/edk2/edk2/Build/OvmfX64/RELEASE_GCC5/X64/CryptoPkg/Library/BaseCryptLib/BaseCryptLib/OUTPUT/Pk/CryptPkcs7VerifyEku.obj
/home/enyephy/edk2/edk2/Build/OvmfX64/RELEASE_GCC5/X64/CryptoPkg/Library/BaseCryptLib/BaseCryptLib/OUTPUT/Pk/CryptDh.obj
/home/enyephy/edk2/edk2/Build/OvmfX64/RELEASE_GCC5/X64/CryptoPkg/Library/BaseCryptLib/BaseCryptLib/OUTPUT/Pk/CryptX509.obj
/home/enyephy/edk2/edk2/Build/OvmfX64/RELEASE_GCC5/X64/CryptoPkg/Library/BaseCryptLib/BaseCryptLib/OUTPUT/Pk/CryptAuthenticode.obj
/home/enyephy/edk2/edk2/Build/OvmfX64/RELEASE_GCC5/X64/CryptoPkg/Library/BaseCryptLib/BaseCryptLib/OUTPUT/Pk/CryptTs.obj
/home/enyephy/edk2/edk2/Build/OvmfX64/RELEASE_GCC5/X64/CryptoPkg/Library/BaseCryptLib/BaseCryptLib/OUTPUT/Pk/CryptRsaPss.obj
/home/enyephy/edk2/edk2/Build/OvmfX64/RELEASE_GCC5/X64/CryptoPkg/Library/BaseCryptLib/BaseCryptLib/OUTPUT/Pk/CryptRsaPssSign.obj
/home/enyephy/edk2/edk2/Build/OvmfX64/RELEASE_GCC5/X64/CryptoPkg/Library/BaseCryptLib/BaseCryptLib/OUTPUT/Pk/CryptEc.obj
/home/enyephy/edk2/edk2/Build/OvmfX64/RELEASE_GCC5/X64/CryptoPkg/Library/BaseCryptLib/BaseCryptLib/OUTPUT/Pem/CryptPem.obj
/home/enyephy/edk2/edk2/Build/OvmfX64/RELEASE_GCC5/X64/CryptoPkg/Library/BaseCryptLib/BaseCryptLib/OUTPUT/Bn/CryptBn.obj
/home/enyephy/edk2/edk2/Build/OvmfX64/RELEASE_GCC5/X64/CryptoPkg/Library/BaseCryptLib/BaseCryptLib/OUTPUT/SysCall/CrtWrapper.obj
/home/enyephy/edk2/edk2/Build/OvmfX64/RELEASE_GCC5/X64/CryptoPkg/Library/BaseCryptLib/BaseCryptLib/OUTPUT/SysCall/TimerWrapper.obj
/home/enyephy/edk2/edk2/Build/OvmfX64/RELEASE_GCC5/X64/CryptoPkg/Library/BaseCryptLib/BaseCryptLib/OUTPUT/SysCall/BaseMemAllocation.obj
/home/enyephy/edk2/edk2/Build/OvmfX64/RELEASE_GCC5/X64/CryptoPkg/Library/BaseCryptLib/BaseCryptLib/OUTPUT/Rand/CryptRandTsc.obj