/home/enyephy/edk2/edk2/Build/OvmfIa32/RELEASE_GCC5/IA32/OvmfPkg/Sec/SecMain/OUTPUT/SecMain.lib
/home/enyephy/edk2/edk2/Build/OvmfIa32/RELEASE_GCC5/IA32/MdePkg/Library/PeiHobLib/PeiHobLib/OUTPUT/PeiHobLib.lib
/home/enyephy/edk2/edk2/Build/OvmfIa32/RELEASE_GCC5/IA32/MdePkg/Library/PeiMemoryAllocationLib/PeiMemoryAllocationLib/OUTPUT/PeiMemoryAllocationLib.lib
/home/enyephy/edk2/edk2/Build/OvmfIa32/RELEASE_GCC5/IA32/MdePkg/Library/PeiServicesTablePointerLibIdt/PeiServicesTablePointerLibIdt/OUTPUT/PeiServicesTablePointerLibIdt.lib
/home/enyephy/edk2/edk2/Build/OvmfIa32/RELEASE_GCC5/IA32/MdePkg/Library/RegisterFilterLibNull/RegisterFilterLibNull/OUTPUT/FilterLibNull.lib
/home/enyephy/edk2/edk2/Build/OvmfIa32/RELEASE_GCC5/IA32/MdePkg/Library/BasePcdLibNull/BasePcdLibNull/OUTPUT/BasePcdLibNull.lib
/home/enyephy/edk2/edk2/Build/OvmfIa32/RELEASE_GCC5/IA32/MdePkg/Library/PeiServicesLib/PeiServicesLib/OUTPUT/PeiServicesLib.lib
/home/enyephy/edk2/edk2/Build/OvmfIa32/RELEASE_GCC5/IA32/MdePkg/Library/BaseMemoryLibRepStr/BaseMemoryLibRepStr/OUTPUT/BaseMemoryLibRepStr.lib
/home/enyephy/edk2/edk2/Build/OvmfIa32/RELEASE_GCC5/IA32/MdePkg/Library/BaseLib/BaseLib/OUTPUT/BaseLib.lib
/home/enyephy/edk2/edk2/Build/OvmfIa32/RELEASE_GCC5/IA32/MdePkg/Library/CcProbeLibNull/CcProbeLibNull/OUTPUT/CcProbeLibNull.lib
/home/enyephy/edk2/edk2/Build/OvmfIa32/RELEASE_GCC5/IA32/MdePkg/Library/BaseDebugPrintErrorLevelLib/BaseDebugPrintErrorLevelLib/OUTPUT/BaseDebugPrintErrorLevelLib.lib
/home/enyephy/edk2/edk2/Build/OvmfIa32/RELEASE_GCC5/IA32/MdePkg/Library/BasePrintLib/BasePrintLib/OUTPUT/BasePrintLib.lib
/home/enyephy/edk2/edk2/Build/OvmfIa32/RELEASE_GCC5/IA32/MdePkg/Library/BaseIoLibIntrinsic/BaseIoLibIntrinsicSev/OUTPUT/BaseIoLibIntrinsicSev.lib
/home/enyephy/edk2/edk2/Build/OvmfIa32/RELEASE_GCC5/IA32/OvmfPkg/Library/PlatformDebugLibIoPort/PlatformRomDebugLibIoPort/OUTPUT/PlatformRomDebugLibIoPort.lib
/home/enyephy/edk2/edk2/Build/OvmfIa32/RELEASE_GCC5/IA32/MdePkg/Library/BasePciCf8Lib/BasePciCf8Lib/OUTPUT/BasePciCf8Lib.lib
/home/enyephy/edk2/edk2/Build/OvmfIa32/RELEASE_GCC5/IA32/MdePkg/Library/BasePciLibCf8/BasePciLibCf8/OUTPUT/BasePciLibCf8.lib
/home/enyephy/edk2/edk2/Build/OvmfIa32/RELEASE_GCC5/IA32/OvmfPkg/Library/AcpiTimerLib/BaseRomAcpiTimerLib/OUTPUT/BaseRomAcpiTimerLib.lib
/home/enyephy/edk2/edk2/Build/OvmfIa32/RELEASE_GCC5/IA32/MdePkg/Library/BaseCpuLib/BaseCpuLib/OUTPUT/BaseCpuLib.lib
/home/enyephy/edk2/edk2/Build/OvmfIa32/RELEASE_GCC5/IA32/MdePkg/Library/BasePeCoffExtraActionLibNull/BasePeCoffExtraActionLibNull/OUTPUT/PeCoffExtraActionLibNull.lib
/home/enyephy/edk2/edk2/Build/OvmfIa32/RELEASE_GCC5/IA32/UefiCpuPkg/Library/AmdSvsmLibNull/AmdSvsmLibNull/OUTPUT/AmdSvsmLibNull.lib
/home/enyephy/edk2/edk2/Build/OvmfIa32/RELEASE_GCC5/IA32/UefiCpuPkg/Library/CcExitLibNull/CcExitLibNull/OUTPUT/CcExitLibNull.lib
/home/enyephy/edk2/edk2/Build/OvmfIa32/RELEASE_GCC5/IA32/PcAtChipsetPkg/Library/SerialIoLib/SerialIoLib/OUTPUT/PcAtSerialPortLib.lib
/home/enyephy/edk2/edk2/Build/OvmfIa32/RELEASE_GCC5/IA32/UefiCpuPkg/Library/BaseXApicX2ApicLib/BaseXApicX2ApicLib/OUTPUT/BaseXApicX2ApicLib.lib
/home/enyephy/edk2/edk2/Build/OvmfIa32/RELEASE_GCC5/IA32/MdePkg/Library/BasePeCoffGetEntryPointLib/BasePeCoffGetEntryPointLib/OUTPUT/BasePeCoffGetEntryPointLib.lib
/home/enyephy/edk2/edk2/Build/OvmfIa32/RELEASE_GCC5/IA32/MdePkg/Library/BaseExtractGuidedSectionLib/BaseExtractGuidedSectionLib/OUTPUT/BaseExtractGuidedSectionLib.lib
/home/enyephy/edk2/edk2/Build/OvmfIa32/RELEASE_GCC5/IA32/MdeModulePkg/Library/DebugAgentLibNull/DebugAgentLibNull/OUTPUT/DebugAgentLibNull.lib
/home/enyephy/edk2/edk2/Build/OvmfIa32/RELEASE_GCC5/IA32/MdePkg/Library/BasePeCoffLib/BasePeCoffLib/OUTPUT/BasePeCoffLib.lib
/home/enyephy/edk2/edk2/Build/OvmfIa32/RELEASE_GCC5/IA32/OvmfPkg/Library/BaseMemEncryptSevLib/SecMemEncryptSevLib/OUTPUT/SecMemEncryptSevLib.lib
/home/enyephy/edk2/edk2/Build/OvmfIa32/RELEASE_GCC5/IA32/UefiCpuPkg/Library/CpuExceptionHandlerLib/SecPeiCpuExceptionHandlerLib/OUTPUT/SecPeiCpuExceptionHandlerLib.lib
/home/enyephy/edk2/edk2/Build/OvmfIa32/RELEASE_GCC5/IA32/UefiCpuPkg/Library/CpuPageTableLib/CpuPageTableLib/OUTPUT/CpuPageTableLib.lib
/home/enyephy/edk2/edk2/Build/OvmfIa32/RELEASE_GCC5/IA32/MdeModulePkg/Library/LzmaCustomDecompressLib/LzmaCustomDecompressLib/OUTPUT/LzmaDecompressLib.lib
/home/enyephy/edk2/edk2/Build/OvmfIa32/RELEASE_GCC5/IA32/MdePkg/Library/StackCheckLibNull/StackCheckLibNull/OUTPUT/StackCheckLibNull.lib