/home/enyephy/edk2/edk2/Build/EmulatorX64/DEBUG_GCC5/X64/MdeModulePkg/Core/Dxe/DxeMain/OUTPUT/DxeCore.lib
/home/enyephy/edk2/edk2/Build/EmulatorX64/DEBUG_GCC5/X64/MdePkg/Library/RegisterFilterLibNull/RegisterFilterLibNull/OUTPUT/FilterLibNull.lib
/home/enyephy/edk2/edk2/Build/EmulatorX64/DEBUG_GCC5/X64/MdePkg/Library/BasePcdLibNull/BasePcdLibNull/OUTPUT/BasePcdLibNull.lib
/home/enyephy/edk2/edk2/Build/EmulatorX64/DEBUG_GCC5/X64/MdePkg/Library/BaseLib/BaseLib/OUTPUT/BaseLib.lib
/home/enyephy/edk2/edk2/Build/EmulatorX64/DEBUG_GCC5/X64/MdePkg/Library/BaseMemoryLib/BaseMemoryLib/OUTPUT/BaseMemoryLib.lib
/home/enyephy/edk2/edk2/Build/EmulatorX64/DEBUG_GCC5/X64/MdePkg/Library/BaseDebugPrintErrorLevelLib/BaseDebugPrintErrorLevelLib/OUTPUT/BaseDebugPrintErrorLevelLib.lib
/home/enyephy/edk2/edk2/Build/EmulatorX64/DEBUG_GCC5/X64/EmulatorPkg/Library/DxeEmuStdErrSerialPortLib/DxeEmuStdErrSerialPortLib/OUTPUT/DxeEmuStdErrSerialPortLib.lib
/home/enyephy/edk2/edk2/Build/EmulatorX64/DEBUG_GCC5/X64/MdePkg/Library/BasePrintLib/BasePrintLib/OUTPUT/BasePrintLib.lib
/home/enyephy/edk2/edk2/Build/EmulatorX64/DEBUG_GCC5/X64/MdePkg/Library/BaseDebugLibSerialPort/BaseDebugLibSerialPort/OUTPUT/BaseDebugLibSerialPort.lib
/home/enyephy/edk2/edk2/Build/EmulatorX64/DEBUG_GCC5/X64/MdePkg/Library/DxeCoreEntryPoint/DxeCoreEntryPoint/OUTPUT/DxeCoreEntryPoint.lib
/home/enyephy/edk2/edk2/Build/EmulatorX64/DEBUG_GCC5/X64/MdePkg/Library/DxeCoreHobLib/DxeCoreHobLib/OUTPUT/DxeCoreHobLib.lib
/home/enyephy/edk2/edk2/Build/EmulatorX64/DEBUG_GCC5/X64/EmulatorPkg/Library/DxeEmuLib/DxeEmuLib/OUTPUT/DxeEmuLib.lib
/home/enyephy/edk2/edk2/Build/EmulatorX64/DEBUG_GCC5/X64/MdeModulePkg/Library/DxeCoreMemoryAllocationLib/DxeCoreMemoryAllocationLib/OUTPUT/DxeCoreMemoryAllocationLib.lib
/home/enyephy/edk2/edk2/Build/EmulatorX64/DEBUG_GCC5/X64/MdePkg/Library/UefiRuntimeServicesTableLib/UefiRuntimeServicesTableLib/OUTPUT/UefiRuntimeServicesTableLib.lib
/home/enyephy/edk2/edk2/Build/EmulatorX64/DEBUG_GCC5/X64/MdePkg/Library/UefiDevicePathLib/UefiDevicePathLib/OUTPUT/UefiDevicePathLib.lib
/home/enyephy/edk2/edk2/Build/EmulatorX64/DEBUG_GCC5/X64/MdePkg/Library/UefiBootServicesTableLib/UefiBootServicesTableLib/OUTPUT/UefiBootServicesTableLib.lib
/home/enyephy/edk2/edk2/Build/EmulatorX64/DEBUG_GCC5/X64/EmulatorPkg/Library/DxeEmuPeCoffExtraActionLib/DxeEmuPeCoffExtraActionLib/OUTPUT/DxeEmuPeCoffExtraActionLib.lib
/home/enyephy/edk2/edk2/Build/EmulatorX64/DEBUG_GCC5/X64/MdePkg/Library/UefiLib/UefiLib/OUTPUT/UefiLib.lib
/home/enyephy/edk2/edk2/Build/EmulatorX64/DEBUG_GCC5/X64/MdePkg/Library/BasePeCoffGetEntryPointLib/BasePeCoffGetEntryPointLib/OUTPUT/BasePeCoffGetEntryPointLib.lib
/home/enyephy/edk2/edk2/Build/EmulatorX64/DEBUG_GCC5/X64/MdePkg/Library/DxeExtractGuidedSectionLib/DxeExtractGuidedSectionLib/OUTPUT/DxeExtractGuidedSectionLib.lib
/home/enyephy/edk2/edk2/Build/EmulatorX64/DEBUG_GCC5/X64/MdePkg/Library/BaseCacheMaintenanceLib/BaseCacheMaintenanceLib/OUTPUT/BaseCacheMaintenanceLib.lib
/home/enyephy/edk2/edk2/Build/EmulatorX64/DEBUG_GCC5/X64/MdePkg/Library/BaseUefiDecompressLib/BaseUefiDecompressLib/OUTPUT/BaseUefiDecompressLib.lib
/home/enyephy/edk2/edk2/Build/EmulatorX64/DEBUG_GCC5/X64/MdePkg/Library/BasePerformanceLibNull/BasePerformanceLibNull/OUTPUT/BasePerformanceLibNull.lib
/home/enyephy/edk2/edk2/Build/EmulatorX64/DEBUG_GCC5/X64/MdePkg/Library/BasePeCoffLib/BasePeCoffLib/OUTPUT/BasePeCoffLib.lib
/home/enyephy/edk2/edk2/Build/EmulatorX64/DEBUG_GCC5/X64/MdeModulePkg/Library/DxeReportStatusCodeLib/DxeReportStatusCodeLib/OUTPUT/DxeReportStatusCodeLib.lib
/home/enyephy/edk2/edk2/Build/EmulatorX64/DEBUG_GCC5/X64/MdePkg/Library/DxeServicesLib/DxeServicesLib/OUTPUT/DxeServicesLib.lib
/home/enyephy/edk2/edk2/Build/EmulatorX64/DEBUG_GCC5/X64/MdeModulePkg/Library/DebugAgentLibNull/DebugAgentLibNull/OUTPUT/DebugAgentLibNull.lib
/home/enyephy/edk2/edk2/Build/EmulatorX64/DEBUG_GCC5/X64/MdeModulePkg/Library/CpuExceptionHandlerLibNull/CpuExceptionHandlerLibNull/OUTPUT/CpuExceptionHandlerLibNull.lib
/home/enyephy/edk2/edk2/Build/EmulatorX64/DEBUG_GCC5/X64/MdeModulePkg/Library/ImagePropertiesRecordLib/ImagePropertiesRecordLib/OUTPUT/ImagePropertiesRecordLib.lib
/home/enyephy/edk2/edk2/Build/EmulatorX64/DEBUG_GCC5/X64/MdePkg/Library/BaseOrderedCollectionRedBlackTreeLib/BaseOrderedCollectionRedBlackTreeLib/OUTPUT/BaseOrderedCollectionRedBlackTreeLib.lib
/home/enyephy/edk2/edk2/Build/EmulatorX64/DEBUG_GCC5/X64/MdePkg/Library/StackCheckLibNull/StackCheckLibNull/OUTPUT/StackCheckLibNull.lib
/home/enyephy/edk2/edk2/Build/EmulatorX64/DEBUG_GCC5/X64/MdeModulePkg/Library/DxeCrc32GuidedSectionExtractLib/DxeCrc32GuidedSectionExtractLib/OUTPUT/DxeCrc32GuidedSectionExtractLib.lib
/home/enyephy/edk2/edk2/Build/EmulatorX64/DEBUG_GCC5/X64/MdeModulePkg/Library/LzmaCustomDecompressLib/LzmaCustomDecompressLib/OUTPUT/LzmaDecompressLib.lib