/home/enyephy/edk2/edk2/Build/OvmfIa32/RELEASE_GCC5/IA32/MdeModulePkg/Universal/Variable/RuntimeDxe/VariableRuntimeDxe/OUTPUT/VariableRuntimeDxe.lib
/home/enyephy/edk2/edk2/Build/OvmfIa32/RELEASE_GCC5/IA32/MdePkg/Library/RegisterFilterLibNull/RegisterFilterLibNull/OUTPUT/FilterLibNull.lib
/home/enyephy/edk2/edk2/Build/OvmfIa32/RELEASE_GCC5/IA32/MdePkg/Library/DxePcdLib/DxePcdLib/OUTPUT/DxePcdLib.lib
/home/enyephy/edk2/edk2/Build/OvmfIa32/RELEASE_GCC5/IA32/MdePkg/Library/BaseMemoryLibRepStr/BaseMemoryLibRepStr/OUTPUT/BaseMemoryLibRepStr.lib
/home/enyephy/edk2/edk2/Build/OvmfIa32/RELEASE_GCC5/IA32/MdePkg/Library/BaseLib/BaseLib/OUTPUT/BaseLib.lib
/home/enyephy/edk2/edk2/Build/OvmfIa32/RELEASE_GCC5/IA32/MdePkg/Library/CcProbeLibNull/CcProbeLibNull/OUTPUT/CcProbeLibNull.lib
/home/enyephy/edk2/edk2/Build/OvmfIa32/RELEASE_GCC5/IA32/MdePkg/Library/BaseDebugPrintErrorLevelLib/BaseDebugPrintErrorLevelLib/OUTPUT/BaseDebugPrintErrorLevelLib.lib
/home/enyephy/edk2/edk2/Build/OvmfIa32/RELEASE_GCC5/IA32/MdePkg/Library/BaseIoLibIntrinsic/BaseIoLibIntrinsicSev/OUTPUT/BaseIoLibIntrinsicSev.lib
/home/enyephy/edk2/edk2/Build/OvmfIa32/RELEASE_GCC5/IA32/MdePkg/Library/BasePrintLib/BasePrintLib/OUTPUT/BasePrintLib.lib
/home/enyephy/edk2/edk2/Build/OvmfIa32/RELEASE_GCC5/IA32/OvmfPkg/Library/PlatformDebugLibIoPort/PlatformDebugLibIoPort/OUTPUT/PlatformDebugLibIoPort.lib
/home/enyephy/edk2/edk2/Build/OvmfIa32/RELEASE_GCC5/IA32/MdePkg/Library/UefiBootServicesTableLib/UefiBootServicesTableLib/OUTPUT/UefiBootServicesTableLib.lib
/home/enyephy/edk2/edk2/Build/OvmfIa32/RELEASE_GCC5/IA32/MdePkg/Library/UefiMemoryAllocationLib/UefiMemoryAllocationLib/OUTPUT/UefiMemoryAllocationLib.lib
/home/enyephy/edk2/edk2/Build/OvmfIa32/RELEASE_GCC5/IA32/MdePkg/Library/UefiRuntimeServicesTableLib/UefiRuntimeServicesTableLib/OUTPUT/UefiRuntimeServicesTableLib.lib
/home/enyephy/edk2/edk2/Build/OvmfIa32/RELEASE_GCC5/IA32/MdePkg/Library/UefiDevicePathLibDevicePathProtocol/UefiDevicePathLibDevicePathProtocol/OUTPUT/UefiDevicePathLibDevicePathProtocol.lib
/home/enyephy/edk2/edk2/Build/OvmfIa32/RELEASE_GCC5/IA32/MdePkg/Library/BasePciExpressLib/BasePciExpressLib/OUTPUT/BasePciExpressLib.lib
/home/enyephy/edk2/edk2/Build/OvmfIa32/RELEASE_GCC5/IA32/MdePkg/Library/BasePciCf8Lib/BasePciCf8Lib/OUTPUT/BasePciCf8Lib.lib
/home/enyephy/edk2/edk2/Build/OvmfIa32/RELEASE_GCC5/IA32/MdePkg/Library/UefiLib/UefiLib/OUTPUT/UefiLib.lib
/home/enyephy/edk2/edk2/Build/OvmfIa32/RELEASE_GCC5/IA32/OvmfPkg/Library/DxePciLibI440FxQ35/DxePciLibI440FxQ35/OUTPUT/DxePciLibI440FxQ35.lib
/home/enyephy/edk2/edk2/Build/OvmfIa32/RELEASE_GCC5/IA32/MdePkg/Library/DxeHobLib/DxeHobLib/OUTPUT/DxeHobLib.lib
/home/enyephy/edk2/edk2/Build/OvmfIa32/RELEASE_GCC5/IA32/OvmfPkg/Library/AcpiTimerLib/DxeAcpiTimerLib/OUTPUT/DxeAcpiTimerLib.lib
/home/enyephy/edk2/edk2/Build/OvmfIa32/RELEASE_GCC5/IA32/MdeModulePkg/Library/BaseRngLibTimerLib/BaseRngLibTimerLib/OUTPUT/BaseRngLibTimerLib.lib
/home/enyephy/edk2/edk2/Build/OvmfIa32/RELEASE_GCC5/IA32/CryptoPkg/Library/IntrinsicLib/IntrinsicLib/OUTPUT/BaseIntrinsicLib.lib
/home/enyephy/edk2/edk2/Build/OvmfIa32/RELEASE_GCC5/IA32/CryptoPkg/Library/OpensslLib/OpensslLib/OUTPUT/OpensslLib.lib
/home/enyephy/edk2/edk2/Build/OvmfIa32/RELEASE_GCC5/IA32/MdePkg/Library/BaseSafeIntLib/BaseSafeIntLib/OUTPUT/BaseSafeIntLib.lib
/home/enyephy/edk2/edk2/Build/OvmfIa32/RELEASE_GCC5/IA32/OvmfPkg/Library/PlatformSecureLib/PlatformSecureLib/OUTPUT/PlatformSecureLib.lib
/home/enyephy/edk2/edk2/Build/OvmfIa32/RELEASE_GCC5/IA32/CryptoPkg/Library/BaseCryptLib/RuntimeCryptLib/OUTPUT/RuntimeCryptLib.lib
/home/enyephy/edk2/edk2/Build/OvmfIa32/RELEASE_GCC5/IA32/MdeModulePkg/Library/VariablePolicyLib/VariablePolicyLibRuntimeDxe/OUTPUT/VariablePolicyLibRuntimeDxe.lib
/home/enyephy/edk2/edk2/Build/OvmfIa32/RELEASE_GCC5/IA32/MdeModulePkg/Library/VarCheckLib/VarCheckLib/OUTPUT/VarCheckLib.lib
/home/enyephy/edk2/edk2/Build/OvmfIa32/RELEASE_GCC5/IA32/MdePkg/Library/BaseSynchronizationLib/BaseSynchronizationLib/OUTPUT/BaseSynchronizationLib.lib
/home/enyephy/edk2/edk2/Build/OvmfIa32/RELEASE_GCC5/IA32/MdePkg/Library/UefiRuntimeLib/UefiRuntimeLib/OUTPUT/UefiRuntimeLib.lib
/home/enyephy/edk2/edk2/Build/OvmfIa32/RELEASE_GCC5/IA32/MdePkg/Library/DxeServicesTableLib/DxeServicesTableLib/OUTPUT/DxeServicesTableLib.lib
/home/enyephy/edk2/edk2/Build/OvmfIa32/RELEASE_GCC5/IA32/MdePkg/Library/UefiDriverEntryPoint/UefiDriverEntryPoint/OUTPUT/UefiDriverEntryPoint.lib
/home/enyephy/edk2/edk2/Build/OvmfIa32/RELEASE_GCC5/IA32/MdeModulePkg/Library/TpmMeasurementLibNull/TpmMeasurementLibNull/OUTPUT/TpmMeasurementLibNull.lib
/home/enyephy/edk2/edk2/Build/OvmfIa32/RELEASE_GCC5/IA32/SecurityPkg/Library/AuthVariableLib/AuthVariableLib/OUTPUT/AuthVariableLib.lib
/home/enyephy/edk2/edk2/Build/OvmfIa32/RELEASE_GCC5/IA32/MdeModulePkg/Library/BaseVariableFlashInfoLib/BaseVariableFlashInfoLib/OUTPUT/BaseVariableFlashInfoLib.lib
/home/enyephy/edk2/edk2/Build/OvmfIa32/RELEASE_GCC5/IA32/MdeModulePkg/Library/VariablePolicyHelperLib/VariablePolicyHelperLib/OUTPUT/VariablePolicyHelperLib.lib
/home/enyephy/edk2/edk2/Build/OvmfIa32/RELEASE_GCC5/IA32/MdePkg/Library/StackCheckLibNull/StackCheckLibNull/OUTPUT/StackCheckLibNull.lib
/home/enyephy/edk2/edk2/Build/OvmfIa32/RELEASE_GCC5/IA32/MdeModulePkg/Library/VarCheckUefiLib/VarCheckUefiLib/OUTPUT/VarCheckUefiLib.lib